0 info it worked if it ends with ok
1 verbose cli [ '/Users/lewisarch/.nvm/v0.10.46/bin/node',
1 verbose cli   '/Users/lewisarch/.nvm/v0.10.46/bin/npm',
1 verbose cli   'run',
1 verbose cli   'ios' ]
2 info using npm@2.15.1
3 info using node@v0.10.46
4 verbose stack Error: ENOENT, open '/Users/lewisarch/www/react-native-mobx/package.json'
5 verbose cwd /Users/lewisarch/www/react-native-mobx
6 error Darwin 17.5.0
7 error argv "/Users/lewisarch/.nvm/v0.10.46/bin/node" "/Users/lewisarch/.nvm/v0.10.46/bin/npm" "run" "ios"
8 error node v0.10.46
9 error npm  v2.15.1
10 error path /Users/lewisarch/www/react-native-mobx/package.json
11 error code ENOENT
12 error errno 34
13 error enoent ENOENT, open '/Users/lewisarch/www/react-native-mobx/package.json'
13 error enoent This is most likely not a problem with npm itself
13 error enoent and is related to npm not being able to find a file.
14 verbose exit [ 34, true ]
